<?xml version="1.0" encoding="UTF-8"?>
<!-- Generated by org.testng.reporters.JUnitXMLReporter -->
<testsuite ignored="0" hostname="LAPTOP-QTI51FKI" failures="0" tests="6" name="my Test" time="62.473" errors="0" timestamp="2025-04-25T10:23:13 IST">
  <testcase classname="testscripts.LoginTests" name="verifyUserLoginWithCorrectCredentials" time="2.688"/>
  <testcase classname="testscripts.LoginTests" name="verifyUserLoginWithInvalidUsernameAndCorrectPassword" time="0.554"/>
  <testcase classname="testscripts.LoginTests" name="verifyUserLoginWithInvalidUsernameAndInvalidPassword" time="0.486"/>
  <testcase classname="testscripts.LoginTests" name="verifyUserLoginWithInvalidUsernameAndInvalidPassword" time="0.948"/>
  <testcase classname="testscripts.LoginTests" name="verifyUserLoginWithInvalidUsernameAndInvalidPassword" time="0.483"/>
  <testcase classname="testscripts.LoginTests" name="verifyUserLoginWithValidUsernameAndIncorrectPassword" time="0.48"/>
</testsuite> <!-- my Test -->
