<?xml version="1.0" encoding="UTF-8"?>
<testng-results ignored="0" total="2" passed="2" failed="0" skipped="0">
  <reporter-output>
  </reporter-output>
  <suite started-at="2025-04-25T14:56:08 IST" name="crossbrowser testing" finished-at="2025-04-25T14:56:19 IST" duration-ms="11072">
    <groups>
    </groups>
    <test started-at="2025-04-25T14:56:08 IST" name="chrometest" finished-at="2025-04-25T14:56:14 IST" duration-ms="5156">
      <class name="testscripts.SubCategoryTest">
        <test-method is-config="true" signature="initializeBrowserMethod(java.lang.String)[pri:0, instance:testscripts.SubCategoryTest@7b2bbc3]" started-at="2025-04-25T14:56:08 IST" name="initializeBrowserMethod" finished-at="2025-04-25T14:56:11 IST" duration-ms="2761" status="PASS">
          <params>
            <param index="0">
              <value>
                <![CDATA[Chrome]]>
              </value>
            </param>
          </params>
          <reporter-output>
          </reporter-output>
        </test-method> <!-- initializeBrowserMethod -->
        <test-method signature="verifySearchSubcategory()[pri:4, instance:testscripts.SubCategoryTest@7b2bbc3]" started-at="2025-04-25T14:56:11 IST" name="verifySearchSubcategory" finished-at="2025-04-25T14:56:13 IST" duration-ms="2041" status="PASS">
          <reporter-output>
          </reporter-output>
        </test-method> <!-- verifySearchSubcategory -->
        <test-method is-config="true" signature="driverQuit(org.testng.ITestResult)[pri:0, instance:testscripts.SubCategoryTest@7b2bbc3]" started-at="2025-04-25T14:56:13 IST" name="driverQuit" finished-at="2025-04-25T14:56:14 IST" duration-ms="290" status="PASS">
          <params>
            <param index="0">
              <value>
                <![CDATA[[TestResult name=verifySearchSubcategory status=SUCCESS method=SubCategoryTest.verifySearchSubcategory()[pri:4, instance:testscripts.SubCategoryTest@7b2bbc3] output={null}]]]>
              </value>
            </param>
          </params>
          <reporter-output>
          </reporter-output>
        </test-method> <!-- driverQuit -->
      </class> <!-- testscripts.SubCategoryTest -->
    </test> <!-- chrometest -->
    <test started-at="2025-04-25T14:56:14 IST" name="edgetest" finished-at="2025-04-25T14:56:19 IST" duration-ms="5820">
      <class name="testscripts.SubCategoryTest">
        <test-method is-config="true" signature="initializeBrowserMethod(java.lang.String)[pri:0, instance:testscripts.SubCategoryTest@5dda768f]" started-at="2025-04-25T14:56:14 IST" name="initializeBrowserMethod" finished-at="2025-04-25T14:56:16 IST" duration-ms="2824" status="PASS">
          <params>
            <param index="0">
              <value>
                <![CDATA[edge]]>
              </value>
            </param>
          </params>
          <reporter-output>
          </reporter-output>
        </test-method> <!-- initializeBrowserMethod -->
        <test-method signature="verifySearchSubcategory()[pri:4, instance:testscripts.SubCategoryTest@5dda768f]" started-at="2025-04-25T14:56:16 IST" name="verifySearchSubcategory" finished-at="2025-04-25T14:56:18 IST" duration-ms="1678" status="PASS">
          <reporter-output>
          </reporter-output>
        </test-method> <!-- verifySearchSubcategory -->
        <test-method is-config="true" signature="driverQuit(org.testng.ITestResult)[pri:0, instance:testscripts.SubCategoryTest@5dda768f]" started-at="2025-04-25T14:56:18 IST" name="driverQuit" finished-at="2025-04-25T14:56:19 IST" duration-ms="1308" status="PASS">
          <params>
            <param index="0">
              <value>
                <![CDATA[[TestResult name=verifySearchSubcategory status=SUCCESS method=SubCategoryTest.verifySearchSubcategory()[pri:4, instance:testscripts.SubCategoryTest@5dda768f] output={null}]]]>
              </value>
            </param>
          </params>
          <reporter-output>
          </reporter-output>
        </test-method> <!-- driverQuit -->
      </class> <!-- testscripts.SubCategoryTest -->
    </test> <!-- edgetest -->
  </suite> <!-- crossbrowser testing -->
</testng-results>
