<?xml version="1.0" encoding="UTF-8"?>
<testng-results ignored="0" total="1" passed="1" failed="0" skipped="0">
  <reporter-output>
  </reporter-output>
  <suite started-at="2025-04-25T22:20:55 IST" name="my Test Suite" finished-at="2025-04-25T22:21:03 IST" duration-ms="7998">
    <groups>
    </groups>
    <test started-at="2025-04-25T22:20:55 IST" name="my Test" finished-at="2025-04-25T22:21:03 IST" duration-ms="7998">
      <class name="testscripts.ManageContactTest">
        <test-method is-config="true" signature="initializeBrowserMethod(java.lang.String)[pri:0, instance:testscripts.ManageContactTest@1807f5a7]" started-at="2025-04-25T22:20:55 IST" name="initializeBrowserMethod" finished-at="2025-04-25T22:20:58 IST" duration-ms="3221" status="PASS">
          <params>
            <param index="0">
              <value>
                <![CDATA[Chrome]]>
              </value>
            </param>
          </params>
          <reporter-output>
          </reporter-output>
        </test-method> <!-- initializeBrowserMethod -->
        <test-method signature="verifyUserCanUpdateContactsOnManageContacts()[pri:0, instance:testscripts.ManageContactTest@1807f5a7]" started-at="2025-04-25T22:20:58 IST" name="verifyUserCanUpdateContactsOnManageContacts" finished-at="2025-04-25T22:21:03 IST" duration-ms="4460" status="PASS">
          <reporter-output>
          </reporter-output>
        </test-method> <!-- verifyUserCanUpdateContactsOnManageContacts -->
        <test-method is-config="true" signature="driverQuit(org.testng.ITestResult)[pri:0, instance:testscripts.ManageContactTest@1807f5a7]" started-at="2025-04-25T22:21:03 IST" name="driverQuit" finished-at="2025-04-25T22:21:03 IST" duration-ms="250" status="PASS">
          <params>
            <param index="0">
              <value>
                <![CDATA[[TestResult name=verifyUserCanUpdateContactsOnManageContacts status=SUCCESS method=ManageContactTest.verifyUserCanUpdateContactsOnManageContacts()[pri:0, instance:testscripts.ManageContactTest@1807f5a7] output={null}]]]>
              </value>
            </param>
          </params>
          <reporter-output>
          </reporter-output>
        </test-method> <!-- driverQuit -->
      </class> <!-- testscripts.ManageContactTest -->
    </test> <!-- my Test -->
  </suite> <!-- my Test Suite -->
</testng-results>
