<?xml version="1.0" encoding="UTF-8"?>
<!-- Generated by org.testng.reporters.JUnitXMLReporter -->
<testsuite ignored="3" hostname="LAPTOP-QTI51FKI" failures="0" tests="1" name="chrometest" time="8.168" errors="0" timestamp="2025-04-22T22:29:06 IST">
  <testcase classname="testscripts.SubCategoryTest" name="verifySearchSubcategory" time="2.574"/>
  <testcase classname="testscripts.SubCategoryTest" name="verifyAddNewSubcategoryWithValidDetails" time="0.0">
    <ignored/>
  </testcase> <!-- verifyAddNewSubcategoryWithValidDetails -->
  <testcase classname="testscripts.SubCategoryTest" name="VerifyEditSubcategoryWithNewData" time="0.0">
    <ignored/>
  </testcase> <!-- VerifyEditSubcategoryWithNewData -->
  <testcase classname="testscripts.SubCategoryTest" name="VerifyDeleteSubCategory" time="0.0">
    <ignored/>
  </testcase> <!-- VerifyDeleteSubCategory -->
</testsuite> <!-- chrometest -->
